Loaded default TestExecutionListener class names from location [META-INF/spring.factories]: [org.springframework.test.context.web.ServletTestExecutionListener, org.springframework.test.context.support.DirtiesContextBeforeModesTestExecutionListener, org.springframework.test.context.event.ApplicationEventsTestExecutionListener, org.springframework.test.context.support.DependencyInjectionTestExecutionListener, org.springframework.test.context.support.DirtiesContextTestExecutionListener, org.springframework.test.context.transaction.TransactionalTestExecutionListener, org.springframework.test.context.jdbc.SqlScriptsTestExecutionListener, org.springframework.test.context.event.EventPublishingTestExecutionListener]
Using TestExecutionListeners: [org.springframework.test.context.web.ServletTestExecutionListener@71cf1b07, org.springframework.test.context.support.DirtiesContextBeforeModesTestExecutionListener@615091b8, org.springframework.test.context.event.ApplicationEventsTestExecutionListener@4fce136b, org.springframework.test.context.support.DependencyInjectionTestExecutionListener@4aa83f4f, org.springframework.test.context.support.DirtiesContextTestExecutionListener@43b6123e, org.springframework.test.context.transaction.TransactionalTestExecutionListener@260e86a1, org.springframework.test.context.jdbc.SqlScriptsTestExecutionListener@19648c40, org.springframework.test.context.event.EventPublishingTestExecutionListener@12bd8a64]
HHH000412: Hibernate ORM core version 5.6.15.Final
HCANN000001: Hibernate Commons Annotations {5.1.2.Final}
HHH000400: Using dialect: org.hibernate.dialect.MariaDBDialect
Initializing Spring TestDispatcherServlet ''
Initializing Servlet ''
Completed initialization in 2 ms
Client requested users with bookid
Recieved users with bookId - 1
Initializing Spring TestDispatcherServlet ''
Initializing Servlet ''
Completed initialization in 1 ms
client updating users to the book
client successfully updated users and redirecting to the addusers page 
Initializing Spring TestDispatcherServlet ''
Initializing Servlet ''
Completed initialization in 1 ms
client requested add user to book page
books recieved successfully - [com.library.models.Book@42db955e, com.library.models.Book@6bd2f039, com.library.models.Book@6c8ad6d7]
users recieved successfully - [com.library.models.User@7affee54, com.library.models.User@96075c0, com.library.models.User@2337bf27]
Loaded default TestExecutionListener class names from location [META-INF/spring.factories]: [org.springframework.test.context.web.ServletTestExecutionListener, org.springframework.test.context.support.DirtiesContextBeforeModesTestExecutionListener, org.springframework.test.context.event.ApplicationEventsTestExecutionListener, org.springframework.test.context.support.DependencyInjectionTestExecutionListener, org.springframework.test.context.support.DirtiesContextTestExecutionListener, org.springframework.test.context.transaction.TransactionalTestExecutionListener, org.springframework.test.context.jdbc.SqlScriptsTestExecutionListener, org.springframework.test.context.event.EventPublishingTestExecutionListener]
Using TestExecutionListeners: [org.springframework.test.context.web.ServletTestExecutionListener@f439e0f, org.springframework.test.context.support.DirtiesContextBeforeModesTestExecutionListener@62410e1f, org.springframework.test.context.event.ApplicationEventsTestExecutionListener@5296f00c, org.springframework.test.context.support.DependencyInjectionTestExecutionListener@4727e5fc, org.springframework.test.context.support.DirtiesContextTestExecutionListener@5487a8f1, org.springframework.test.context.transaction.TransactionalTestExecutionListener@3e5c7588, org.springframework.test.context.jdbc.SqlScriptsTestExecutionListener@5b2ff4df, org.springframework.test.context.event.EventPublishingTestExecutionListener@23dff243]
Initializing Spring TestDispatcherServlet ''
Initializing Servlet ''
Completed initialization in 1 ms
Recieved /books request and rendering create form as path book
Initializing Spring TestDispatcherServlet ''
Initializing Servlet ''
Completed initialization in 1 ms
Client adding book Object - com.library.models.Book@3ddac0b6 
user object added successfully user - com.library.models.Book@3ddac0b6
Loaded default TestExecutionListener class names from location [META-INF/spring.factories]: [org.springframework.test.context.web.ServletTestExecutionListener, org.springframework.test.context.support.DirtiesContextBeforeModesTestExecutionListener, org.springframework.test.context.event.ApplicationEventsTestExecutionListener, org.springframework.test.context.support.DependencyInjectionTestExecutionListener, org.springframework.test.context.support.DirtiesContextTestExecutionListener, org.springframework.test.context.transaction.TransactionalTestExecutionListener, org.springframework.test.context.jdbc.SqlScriptsTestExecutionListener, org.springframework.test.context.event.EventPublishingTestExecutionListener]
Using TestExecutionListeners: [org.springframework.test.context.web.ServletTestExecutionListener@5016f1a, org.springframework.test.context.support.DirtiesContextBeforeModesTestExecutionListener@33bfe6d3, org.springframework.test.context.event.ApplicationEventsTestExecutionListener@56dde9f7, org.springframework.test.context.support.DependencyInjectionTestExecutionListener@4b2acb12, org.springframework.test.context.support.DirtiesContextTestExecutionListener@455d04d2, org.springframework.test.context.transaction.TransactionalTestExecutionListener@998fbd4, org.springframework.test.context.jdbc.SqlScriptsTestExecutionListener@30333941, org.springframework.test.context.event.EventPublishingTestExecutionListener@2d5c160e]
Initializing Spring TestDispatcherServlet ''
Initializing Servlet ''
Completed initialization in 1 ms
recieved /users request to fetch createform
Initializing Spring TestDispatcherServlet ''
Initializing Servlet ''
Completed initialization in 1 ms
Client adding user Object - com.library.models.User@3be50b2c 
User Created Successfully
Loaded default TestExecutionListener class names from location [META-INF/spring.factories]: [org.springframework.test.context.web.ServletTestExecutionListener, org.springframework.test.context.support.DirtiesContextBeforeModesTestExecutionListener, org.springframework.test.context.event.ApplicationEventsTestExecutionListener, org.springframework.test.context.support.DependencyInjectionTestExecutionListener, org.springframework.test.context.support.DirtiesContextTestExecutionListener, org.springframework.test.context.transaction.TransactionalTestExecutionListener, org.springframework.test.context.jdbc.SqlScriptsTestExecutionListener, org.springframework.test.context.event.EventPublishingTestExecutionListener]
Using TestExecutionListeners: [org.springframework.test.context.web.ServletTestExecutionListener@282c5075, org.springframework.test.context.support.DirtiesContextBeforeModesTestExecutionListener@2ed35f24, org.springframework.test.context.event.ApplicationEventsTestExecutionListener@362b384c, org.springframework.test.context.support.DependencyInjectionTestExecutionListener@433b546f, org.springframework.test.context.support.DirtiesContextTestExecutionListener@9de1b85, org.springframework.test.context.transaction.TransactionalTestExecutionListener@3d405fe5, org.springframework.test.context.jdbc.SqlScriptsTestExecutionListener@52c6e959, org.springframework.test.context.event.EventPublishingTestExecutionListener@4b475742]
Initializing Spring TestDispatcherServlet ''
Initializing Servlet ''
Completed initialization in 1 ms
Recieved /view request to fetch the viewbookuser page
Recieved Books from bookService.getAllBooks() - [com.library.models.Book@19d9ba89, com.library.models.Book@484876a1, com.library.models.Book@20163008, com.library.models.Book@60ef30b1]
Initializing Spring TestDispatcherServlet ''
Initializing Servlet ''
Completed initialization in 1 ms
Recieved /home request to fetch the homepage
Initializing Spring TestDispatcherServlet ''
Initializing Servlet ''
Completed initialization in 1 ms
Loaded default TestExecutionListener class names from location [META-INF/spring.factories]: [org.springframework.test.context.web.ServletTestExecutionListener, org.springframework.test.context.support.DirtiesContextBeforeModesTestExecutionListener, org.springframework.test.context.event.ApplicationEventsTestExecutionListener, org.springframework.test.context.support.DependencyInjectionTestExecutionListener, org.springframework.test.context.support.DirtiesContextTestExecutionListener, org.springframework.test.context.transaction.TransactionalTestExecutionListener, org.springframework.test.context.jdbc.SqlScriptsTestExecutionListener, org.springframework.test.context.event.EventPublishingTestExecutionListener]
Using TestExecutionListeners: [org.springframework.test.context.web.ServletTestExecutionListener@11fb1691, org.springframework.test.context.support.DirtiesContextBeforeModesTestExecutionListener@1f229c40, org.springframework.test.context.event.ApplicationEventsTestExecutionListener@215404a1, org.springframework.test.context.support.DependencyInjectionTestExecutionListener@391b03b, org.springframework.test.context.support.DirtiesContextTestExecutionListener@4a977146, org.springframework.test.context.transaction.TransactionalTestExecutionListener@41dc34c8, org.springframework.test.context.jdbc.SqlScriptsTestExecutionListener@402c415e, org.springframework.test.context.event.EventPublishingTestExecutionListener@4e322108]
Initializing Spring TestDispatcherServlet ''
Initializing Servlet ''
Completed initialization in 1 ms
HHH000412: Hibernate ORM core version 5.6.15.Final
HCANN000001: Hibernate Commons Annotations {5.1.2.Final}
HHH000400: Using dialect: org.hibernate.dialect.MariaDBDialect
Recieved /home request to fetch the homepage
recieved /users request to fetch createform
Loaded default TestExecutionListener class names from location [META-INF/spring.factories]: [org.springframework.test.context.web.ServletTestExecutionListener, org.springframework.test.context.support.DirtiesContextBeforeModesTestExecutionListener, org.springframework.test.context.event.ApplicationEventsTestExecutionListener, org.springframework.test.context.support.DependencyInjectionTestExecutionListener, org.springframework.test.context.support.DirtiesContextTestExecutionListener, org.springframework.test.context.transaction.TransactionalTestExecutionListener, org.springframework.test.context.jdbc.SqlScriptsTestExecutionListener, org.springframework.test.context.event.EventPublishingTestExecutionListener]
Using TestExecutionListeners: [org.springframework.test.context.web.ServletTestExecutionListener@3a393455, org.springframework.test.context.support.DirtiesContextBeforeModesTestExecutionListener@13518f37, org.springframework.test.context.event.ApplicationEventsTestExecutionListener@7cbc3762, org.springframework.test.context.support.DependencyInjectionTestExecutionListener@3a6f2de3, org.springframework.test.context.support.DirtiesContextTestExecutionListener@49872d67, org.springframework.test.context.transaction.TransactionalTestExecutionListener@56303b57, org.springframework.test.context.jdbc.SqlScriptsTestExecutionListener@4b2a01d4, org.springframework.test.context.event.EventPublishingTestExecutionListener@8692d67]
HHH000412: Hibernate ORM core version 5.6.15.Final
HCANN000001: Hibernate Commons Annotations {5.1.2.Final}
HHH000400: Using dialect: org.hibernate.dialect.MariaDBDialect
Initializing Spring TestDispatcherServlet ''
Initializing Servlet ''
Completed initialization in 1 ms
Client requested users with bookid
Recieved users with bookId - 1
Initializing Spring TestDispatcherServlet ''
Initializing Servlet ''
Completed initialization in 2 ms
client updating users to the book
client successfully updated users and redirecting to the addusers page 
Initializing Spring TestDispatcherServlet ''
Initializing Servlet ''
Completed initialization in 1 ms
client requested add user to book page
books recieved successfully - [com.library.models.Book@69419d59, com.library.models.Book@7affee54, com.library.models.Book@96075c0, com.library.models.Book@2337bf27]
users recieved successfully - [com.library.models.User@759f45f1, com.library.models.User@2573b149, com.library.models.User@1479ed5a, com.library.models.User@3211cc84]
Loaded default TestExecutionListener class names from location [META-INF/spring.factories]: [org.springframework.test.context.web.ServletTestExecutionListener, org.springframework.test.context.support.DirtiesContextBeforeModesTestExecutionListener, org.springframework.test.context.event.ApplicationEventsTestExecutionListener, org.springframework.test.context.support.DependencyInjectionTestExecutionListener, org.springframework.test.context.support.DirtiesContextTestExecutionListener, org.springframework.test.context.transaction.TransactionalTestExecutionListener, org.springframework.test.context.jdbc.SqlScriptsTestExecutionListener, org.springframework.test.context.event.EventPublishingTestExecutionListener]
Using TestExecutionListeners: [org.springframework.test.context.web.ServletTestExecutionListener@78508e6b, org.springframework.test.context.support.DirtiesContextBeforeModesTestExecutionListener@1bde9a22, org.springframework.test.context.event.ApplicationEventsTestExecutionListener@2cc97e47, org.springframework.test.context.support.DependencyInjectionTestExecutionListener@74a03bd5, org.springframework.test.context.support.DirtiesContextTestExecutionListener@87fc0fc, org.springframework.test.context.transaction.TransactionalTestExecutionListener@671f545b, org.springframework.test.context.jdbc.SqlScriptsTestExecutionListener@c335b9, org.springframework.test.context.event.EventPublishingTestExecutionListener@75c8d8e7]
Initializing Spring TestDispatcherServlet ''
Initializing Servlet ''
Completed initialization in 1 ms
Recieved /books request and rendering create form as path book
Initializing Spring TestDispatcherServlet ''
Initializing Servlet ''
Completed initialization in 1 ms
Client adding book Object - com.library.models.Book@696105c4 
user object added successfully user - com.library.models.Book@696105c4
Loaded default TestExecutionListener class names from location [META-INF/spring.factories]: [org.springframework.test.context.web.ServletTestExecutionListener, org.springframework.test.context.support.DirtiesContextBeforeModesTestExecutionListener, org.springframework.test.context.event.ApplicationEventsTestExecutionListener, org.springframework.test.context.support.DependencyInjectionTestExecutionListener, org.springframework.test.context.support.DirtiesContextTestExecutionListener, org.springframework.test.context.transaction.TransactionalTestExecutionListener, org.springframework.test.context.jdbc.SqlScriptsTestExecutionListener, org.springframework.test.context.event.EventPublishingTestExecutionListener]
Using TestExecutionListeners: [org.springframework.test.context.web.ServletTestExecutionListener@433b546f, org.springframework.test.context.support.DirtiesContextBeforeModesTestExecutionListener@9de1b85, org.springframework.test.context.event.ApplicationEventsTestExecutionListener@3d405fe5, org.springframework.test.context.support.DependencyInjectionTestExecutionListener@52c6e959, org.springframework.test.context.support.DirtiesContextTestExecutionListener@4b475742, org.springframework.test.context.transaction.TransactionalTestExecutionListener@323c6f9c, org.springframework.test.context.jdbc.SqlScriptsTestExecutionListener@dbca149, org.springframework.test.context.event.EventPublishingTestExecutionListener@68550d86]
Initializing Spring TestDispatcherServlet ''
Initializing Servlet ''
Completed initialization in 0 ms
recieved /users request to fetch createform
Initializing Spring TestDispatcherServlet ''
Initializing Servlet ''
Completed initialization in 0 ms
Client adding user Object - com.library.models.User@359ea595 
User Created Successfully
Loaded default TestExecutionListener class names from location [META-INF/spring.factories]: [org.springframework.test.context.web.ServletTestExecutionListener, org.springframework.test.context.support.DirtiesContextBeforeModesTestExecutionListener, org.springframework.test.context.event.ApplicationEventsTestExecutionListener, org.springframework.test.context.support.DependencyInjectionTestExecutionListener, org.springframework.test.context.support.DirtiesContextTestExecutionListener, org.springframework.test.context.transaction.TransactionalTestExecutionListener, org.springframework.test.context.jdbc.SqlScriptsTestExecutionListener, org.springframework.test.context.event.EventPublishingTestExecutionListener]
Using TestExecutionListeners: [org.springframework.test.context.web.ServletTestExecutionListener@7c871ce4, org.springframework.test.context.support.DirtiesContextBeforeModesTestExecutionListener@3d3b4e09, org.springframework.test.context.event.ApplicationEventsTestExecutionListener@5dc9d25a, org.springframework.test.context.support.DependencyInjectionTestExecutionListener@686fb58a, org.springframework.test.context.support.DirtiesContextTestExecutionListener@2c4be45f, org.springframework.test.context.transaction.TransactionalTestExecutionListener@4be7acd9, org.springframework.test.context.jdbc.SqlScriptsTestExecutionListener@58afecfd, org.springframework.test.context.event.EventPublishingTestExecutionListener@4d79d187]
Initializing Spring TestDispatcherServlet ''
Initializing Servlet ''
Completed initialization in 0 ms
Recieved /view request to fetch the viewbookuser page
Recieved Books from bookService.getAllBooks() - [com.library.models.Book@6c8d8b60, com.library.models.Book@4fa6fb7f, com.library.models.Book@2520010e, com.library.models.Book@163fbbc9, com.library.models.Book@1669f4e5]
Initializing Spring TestDispatcherServlet ''
Initializing Servlet ''
Completed initialization in 0 ms
Recieved /home request to fetch the homepage
Initializing Spring TestDispatcherServlet ''
Initializing Servlet ''
Completed initialization in 1 ms
Loaded default TestExecutionListener class names from location [META-INF/spring.factories]: [org.springframework.test.context.web.ServletTestExecutionListener, org.springframework.test.context.support.DirtiesContextBeforeModesTestExecutionListener, org.springframework.test.context.event.ApplicationEventsTestExecutionListener, org.springframework.test.context.support.DependencyInjectionTestExecutionListener, org.springframework.test.context.support.DirtiesContextTestExecutionListener, org.springframework.test.context.transaction.TransactionalTestExecutionListener, org.springframework.test.context.jdbc.SqlScriptsTestExecutionListener, org.springframework.test.context.event.EventPublishingTestExecutionListener]
Using TestExecutionListeners: [org.springframework.test.context.web.ServletTestExecutionListener@1c97c3bb, org.springframework.test.context.support.DirtiesContextBeforeModesTestExecutionListener@68fc1e7f, org.springframework.test.context.event.ApplicationEventsTestExecutionListener@99af41d, org.springframework.test.context.support.DependencyInjectionTestExecutionListener@496e0f9d, org.springframework.test.context.support.DirtiesContextTestExecutionListener@6b468710, org.springframework.test.context.transaction.TransactionalTestExecutionListener@63c163e1, org.springframework.test.context.jdbc.SqlScriptsTestExecutionListener@3da55998, org.springframework.test.context.event.EventPublishingTestExecutionListener@40ebb56]
Initializing Spring TestDispatcherServlet ''
Initializing Servlet ''
Completed initialization in 1 ms
HHH000412: Hibernate ORM core version 5.6.15.Final
HCANN000001: Hibernate Commons Annotations {5.1.2.Final}
HHH000400: Using dialect: org.hibernate.dialect.MariaDBDialect
Recieved /home request to fetch the homepage
recieved /users request to fetch createform
Client adding user Object - com.library.models.User@6a9ff9f0 
User Created Successfully
recieved /users request to fetch createform
Client adding user Object - com.library.models.User@5421690 
User Created Successfully
recieved /users request to fetch createform
Recieved /home request to fetch the homepage
Recieved /books request and rendering create form as path book
Client adding book Object - com.library.models.Book@869b4ee 
user object added successfully user - com.library.models.Book@869b4ee
Recieved /books request and rendering create form as path book
Recieved /home request to fetch the homepage
client requested add user to book page
books recieved successfully - [com.library.models.Book@14a23a03, com.library.models.Book@7edd4cd3, com.library.models.Book@63e6e1b8, com.library.models.Book@7b91f328, com.library.models.Book@56403239, com.library.models.Book@42ef47f6, com.library.models.Book@16509532, com.library.models.Book@622c3c63, com.library.models.Book@352a0be5, com.library.models.Book@d422a41, com.library.models.Book@1fa9c7de, com.library.models.Book@1ce53f6c]
users recieved successfully - [com.library.models.User@31b2df5d, com.library.models.User@705b982d, com.library.models.User@63481988, com.library.models.User@536dcfc8, com.library.models.User@7402aacf, com.library.models.User@58b4de92, com.library.models.User@7b931855, com.library.models.User@463d8b60, com.library.models.User@278815ba, com.library.models.User@59b61f97, com.library.models.User@3a04f544, com.library.models.User@10480fef, com.library.models.User@770afd99, com.library.models.User@1ea90e48, com.library.models.User@39a760c, com.library.models.User@537d26e7, com.library.models.User@733bff24]
Client requested users with bookid
Recieved users with bookId - 30
client updating users to the book
client successfully updated users and redirecting to the addusers page 
client requested add user to book page
books recieved successfully - [com.library.models.Book@284ce118, com.library.models.Book@6d4e7a75, com.library.models.Book@6b2f4a7e, com.library.models.Book@5ce9b655, com.library.models.Book@1362d8f1, com.library.models.Book@d61853a, com.library.models.Book@1c0c4252, com.library.models.Book@d460498, com.library.models.Book@866f091, com.library.models.Book@92ffcf2, com.library.models.Book@774f2157, com.library.models.Book@4a1099e2]
users recieved successfully - [com.library.models.User@77bd94c2, com.library.models.User@35c29258, com.library.models.User@7ab2dbfd, com.library.models.User@498b6cc2, com.library.models.User@520beab5, com.library.models.User@737ae2fe, com.library.models.User@1ffbb25f, com.library.models.User@d84301e, com.library.models.User@d72d59, com.library.models.User@241e52af, com.library.models.User@66356539, com.library.models.User@4a1dbd21, com.library.models.User@7319fcde, com.library.models.User@25c45338, com.library.models.User@6895e614, com.library.models.User@4f46aa92, com.library.models.User@730550a8]
Recieved /home request to fetch the homepage
Recieved /view request to fetch the viewbookuser page
Recieved Books from bookService.getAllBooks() - [com.library.models.Book@3f342e38, com.library.models.Book@7a36b7ba, com.library.models.Book@2d874bb1, com.library.models.Book@4b860c35, com.library.models.Book@55ddae93, com.library.models.Book@1a1948f5, com.library.models.Book@d5452c4, com.library.models.Book@76c800ff, com.library.models.Book@4ed98183, com.library.models.Book@1e57364d, com.library.models.Book@31ba9531, com.library.models.Book@7c3b401]
Recieved /home request to fetch the homepage
Loaded default TestExecutionListener class names from location [META-INF/spring.factories]: [org.springframework.test.context.web.ServletTestExecutionListener, org.springframework.test.context.support.DirtiesContextBeforeModesTestExecutionListener, org.springframework.test.context.event.ApplicationEventsTestExecutionListener, org.springframework.test.context.support.DependencyInjectionTestExecutionListener, org.springframework.test.context.support.DirtiesContextTestExecutionListener, org.springframework.test.context.transaction.TransactionalTestExecutionListener, org.springframework.test.context.jdbc.SqlScriptsTestExecutionListener, org.springframework.test.context.event.EventPublishingTestExecutionListener]
Using TestExecutionListeners: [org.springframework.test.context.web.ServletTestExecutionListener@6399551e, org.springframework.test.context.support.DirtiesContextBeforeModesTestExecutionListener@13d73fa, org.springframework.test.context.event.ApplicationEventsTestExecutionListener@5023bb8b, org.springframework.test.context.support.DependencyInjectionTestExecutionListener@5d5f10b2, org.springframework.test.context.support.DirtiesContextTestExecutionListener@74c79fa2, org.springframework.test.context.transaction.TransactionalTestExecutionListener@1e0f9063, org.springframework.test.context.jdbc.SqlScriptsTestExecutionListener@53bd8fca, org.springframework.test.context.event.EventPublishingTestExecutionListener@7642df8f]
Loaded default TestExecutionListener class names from location [META-INF/spring.factories]: [org.springframework.test.context.web.ServletTestExecutionListener, org.springframework.test.context.support.DirtiesContextBeforeModesTestExecutionListener, org.springframework.test.context.event.ApplicationEventsTestExecutionListener, org.springframework.test.context.support.DependencyInjectionTestExecutionListener, org.springframework.test.context.support.DirtiesContextTestExecutionListener, org.springframework.test.context.transaction.TransactionalTestExecutionListener, org.springframework.test.context.jdbc.SqlScriptsTestExecutionListener, org.springframework.test.context.event.EventPublishingTestExecutionListener]
Using TestExecutionListeners: [org.springframework.test.context.web.ServletTestExecutionListener@5ef6ae06, org.springframework.test.context.support.DirtiesContextBeforeModesTestExecutionListener@55dfebeb, org.springframework.test.context.event.ApplicationEventsTestExecutionListener@6e35bc3d, org.springframework.test.context.support.DependencyInjectionTestExecutionListener@1cdc4c27, org.springframework.test.context.support.DirtiesContextTestExecutionListener@77b14724, org.springframework.test.context.transaction.TransactionalTestExecutionListener@5d9b7a8a, org.springframework.test.context.jdbc.SqlScriptsTestExecutionListener@1e8ce150, org.springframework.test.context.event.EventPublishingTestExecutionListener@604f2bd2]
Loaded default TestExecutionListener class names from location [META-INF/spring.factories]: [org.springframework.test.context.web.ServletTestExecutionListener, org.springframework.test.context.support.DirtiesContextBeforeModesTestExecutionListener, org.springframework.test.context.event.ApplicationEventsTestExecutionListener, org.springframework.test.context.support.DependencyInjectionTestExecutionListener, org.springframework.test.context.support.DirtiesContextTestExecutionListener, org.springframework.test.context.transaction.TransactionalTestExecutionListener, org.springframework.test.context.jdbc.SqlScriptsTestExecutionListener, org.springframework.test.context.event.EventPublishingTestExecutionListener]
Using TestExecutionListeners: [org.springframework.test.context.web.ServletTestExecutionListener@7b84fcf8, org.springframework.test.context.support.DirtiesContextBeforeModesTestExecutionListener@30b19518, org.springframework.test.context.event.ApplicationEventsTestExecutionListener@363042d7, org.springframework.test.context.support.DependencyInjectionTestExecutionListener@366ac49b, org.springframework.test.context.support.DirtiesContextTestExecutionListener@6ad59d92, org.springframework.test.context.transaction.TransactionalTestExecutionListener@56f0cc85, org.springframework.test.context.jdbc.SqlScriptsTestExecutionListener@62e20a76, org.springframework.test.context.event.EventPublishingTestExecutionListener@2cc44ad]
Loaded default TestExecutionListener class names from location [META-INF/spring.factories]: [org.springframework.test.context.web.ServletTestExecutionListener, org.springframework.test.context.support.DirtiesContextBeforeModesTestExecutionListener, org.springframework.test.context.event.ApplicationEventsTestExecutionListener, org.springframework.test.context.support.DependencyInjectionTestExecutionListener, org.springframework.test.context.support.DirtiesContextTestExecutionListener, org.springframework.test.context.transaction.TransactionalTestExecutionListener, org.springframework.test.context.jdbc.SqlScriptsTestExecutionListener, org.springframework.test.context.event.EventPublishingTestExecutionListener]
Using TestExecutionListeners: [org.springframework.test.context.web.ServletTestExecutionListener@75cd8043, org.springframework.test.context.support.DirtiesContextBeforeModesTestExecutionListener@33b1c5c5, org.springframework.test.context.event.ApplicationEventsTestExecutionListener@5b202a3a, org.springframework.test.context.support.DependencyInjectionTestExecutionListener@10b9db7b, org.springframework.test.context.support.DirtiesContextTestExecutionListener@9ef8eb7, org.springframework.test.context.transaction.TransactionalTestExecutionListener@34cdeda2, org.springframework.test.context.jdbc.SqlScriptsTestExecutionListener@6ee660fb, org.springframework.test.context.event.EventPublishingTestExecutionListener@305a0c5f]
Loaded default TestExecutionListener class names from location [META-INF/spring.factories]: [org.springframework.test.context.web.ServletTestExecutionListener, org.springframework.test.context.support.DirtiesContextBeforeModesTestExecutionListener, org.springframework.test.context.event.ApplicationEventsTestExecutionListener, org.springframework.test.context.support.DependencyInjectionTestExecutionListener, org.springframework.test.context.support.DirtiesContextTestExecutionListener, org.springframework.test.context.transaction.TransactionalTestExecutionListener, org.springframework.test.context.jdbc.SqlScriptsTestExecutionListener, org.springframework.test.context.event.EventPublishingTestExecutionListener]
Using TestExecutionListeners: [org.springframework.test.context.web.ServletTestExecutionListener@28e8dde3, org.springframework.test.context.support.DirtiesContextBeforeModesTestExecutionListener@6d23017e, org.springframework.test.context.event.ApplicationEventsTestExecutionListener@54dcfa5a, org.springframework.test.context.support.DependencyInjectionTestExecutionListener@1817f1eb, org.springframework.test.context.support.DirtiesContextTestExecutionListener@767e20cf, org.springframework.test.context.transaction.TransactionalTestExecutionListener@3a3e78f, org.springframework.test.context.jdbc.SqlScriptsTestExecutionListener@301ec38b, org.springframework.test.context.event.EventPublishingTestExecutionListener@17a1e4ca]
HHH000412: Hibernate ORM core version 5.6.15.Final
HCANN000001: Hibernate Commons Annotations {5.1.2.Final}
HHH000400: Using dialect: org.hibernate.dialect.MariaDBDialect
Initializing Spring TestDispatcherServlet ''
Initializing Servlet ''
Completed initialization in 2 ms
Initializing Spring TestDispatcherServlet ''
Initializing Servlet ''
Completed initialization in 0 ms
Recieved /books request and rendering create form as path book
Initializing Spring TestDispatcherServlet ''
Initializing Servlet ''
Completed initialization in 1 ms
Client adding book Object - com.library.models.Book@5ac53209 
user object added successfully user - com.library.models.Book@5ac53209
Initializing Spring TestDispatcherServlet ''
Initializing Servlet ''
Completed initialization in 1 ms
Recieved /view request to fetch the viewbookuser page
Recieved Books from bookService.getAllBooks() - [com.library.models.Book@9fd3b61, com.library.models.Book@78a34c47, com.library.models.Book@77648321, com.library.models.Book@43201f84, com.library.models.Book@2c51c756, com.library.models.Book@4ef277ef]
Initializing Spring TestDispatcherServlet ''
Initializing Servlet ''
Completed initialization in 1 ms
Recieved /home request to fetch the homepage
Initializing Spring TestDispatcherServlet ''
Initializing Servlet ''
Completed initialization in 1 ms
Initializing Spring TestDispatcherServlet ''
Initializing Servlet ''
Completed initialization in 0 ms
Client requested users with bookid
Recieved users with bookId - 1
Initializing Spring TestDispatcherServlet ''
Initializing Servlet ''
Completed initialization in 0 ms
client updating users to the book
client successfully updated users and redirecting to the addusers page 
Initializing Spring TestDispatcherServlet ''
Initializing Servlet ''
Completed initialization in 2 ms
client requested add user to book page
books recieved successfully - [com.library.models.Book@25c06894, com.library.models.Book@5c2ae7d7, com.library.models.Book@6e7cb01a, com.library.models.Book@236206f8, com.library.models.Book@5c04ec8, com.library.models.Book@e5f05f8]
users recieved successfully - [com.library.models.User@6e466fdf, com.library.models.User@84e43fb, com.library.models.User@4fea9f19, com.library.models.User@37a14aa1, com.library.models.User@6ac4f31d]
Initializing Spring TestDispatcherServlet ''
Initializing Servlet ''
Completed initialization in 1 ms
recieved /users request to fetch createform
Initializing Spring TestDispatcherServlet ''
Initializing Servlet ''
Completed initialization in 4 ms
Client adding user Object - com.library.models.User@7983a5d5 
User Created Successfully
