2024-11-14 17:03:04 [main] INFO  org.springframework.test.context.web.WebTestContextBootstrapper - Loaded default TestExecutionListener class names from location [META-INF/spring.factories]: [org.springframework.test.context.web.ServletTestExecutionListener, org.springframework.test.context.support.DirtiesContextBeforeModesTestExecutionListener, org.springframework.test.context.event.ApplicationEventsTestExecutionListener, org.springframework.test.context.support.DependencyInjectionTestExecutionListener, org.springframework.test.context.support.DirtiesContextTestExecutionListener, org.springframework.test.context.transaction.TransactionalTestExecutionListener, org.springframework.test.context.jdbc.SqlScriptsTestExecutionListener, org.springframework.test.context.event.EventPublishingTestExecutionListener]
2024-11-14 17:03:04 [main] INFO  org.springframework.test.context.web.WebTestContextBootstrapper - Using TestExecutionListeners: [org.springframework.test.context.web.ServletTestExecutionListener@3a393455, org.springframework.test.context.support.DirtiesContextBeforeModesTestExecutionListener@13518f37, org.springframework.test.context.event.ApplicationEventsTestExecutionListener@7cbc3762, org.springframework.test.context.support.DependencyInjectionTestExecutionListener@3a6f2de3, org.springframework.test.context.support.DirtiesContextTestExecutionListener@49872d67, org.springframework.test.context.transaction.TransactionalTestExecutionListener@56303b57, org.springframework.test.context.jdbc.SqlScriptsTestExecutionListener@4b2a01d4, org.springframework.test.context.event.EventPublishingTestExecutionListener@8692d67]
2024-11-14 17:03:05 [main] INFO  org.hibernate.Version - HHH000412: Hibernate ORM core version 5.6.15.Final
2024-11-14 17:03:05 [main] INFO  org.hibernate.annotations.common.Version - HCANN000001: Hibernate Commons Annotations {5.1.2.Final}
2024-11-14 17:03:06 [main] INFO  org.hibernate.dialect.Dialect - HHH000400: Using dialect: org.hibernate.dialect.MariaDBDialect
2024-11-14 17:03:07 [main] INFO  org.springframework.mock.web.MockServletContext - Initializing Spring TestDispatcherServlet ''
2024-11-14 17:03:07 [main] INFO  org.springframework.test.web.servlet.TestDispatcherServlet - Initializing Servlet ''
2024-11-14 17:03:07 [main] INFO  org.springframework.test.web.servlet.TestDispatcherServlet - Completed initialization in 1 ms
2024-11-14 17:03:07 [main] INFO  com.library.controllers.AddUserController - Client requested users with bookid
2024-11-14 17:03:07 [main] INFO  com.library.controllers.AddUserController - Recieved users with bookId - 1
2024-11-14 17:03:07 [main] INFO  org.springframework.mock.web.MockServletContext - Initializing Spring TestDispatcherServlet ''
2024-11-14 17:03:07 [main] INFO  org.springframework.test.web.servlet.TestDispatcherServlet - Initializing Servlet ''
2024-11-14 17:03:07 [main] INFO  org.springframework.test.web.servlet.TestDispatcherServlet - Completed initialization in 2 ms
2024-11-14 17:03:07 [main] INFO  com.library.controllers.AddUserController - client updating users to the book
2024-11-14 17:03:08 [main] INFO  com.library.controllers.AddUserController - client successfully updated users and redirecting to the addusers page 
2024-11-14 17:03:08 [main] INFO  org.springframework.mock.web.MockServletContext - Initializing Spring TestDispatcherServlet ''
2024-11-14 17:03:08 [main] INFO  org.springframework.test.web.servlet.TestDispatcherServlet - Initializing Servlet ''
2024-11-14 17:03:08 [main] INFO  org.springframework.test.web.servlet.TestDispatcherServlet - Completed initialization in 1 ms
2024-11-14 17:03:08 [main] INFO  com.library.controllers.AddUserController - client requested add user to book page
2024-11-14 17:03:08 [main] INFO  com.library.controllers.AddUserController - books recieved successfully - [com.library.models.Book@69419d59, com.library.models.Book@7affee54, com.library.models.Book@96075c0, com.library.models.Book@2337bf27]
2024-11-14 17:03:08 [main] INFO  com.library.controllers.AddUserController - users recieved successfully - [com.library.models.User@759f45f1, com.library.models.User@2573b149, com.library.models.User@1479ed5a, com.library.models.User@3211cc84]
2024-11-14 17:03:08 [main] INFO  org.springframework.test.context.web.WebTestContextBootstrapper - Loaded default TestExecutionListener class names from location [META-INF/spring.factories]: [org.springframework.test.context.web.ServletTestExecutionListener, org.springframework.test.context.support.DirtiesContextBeforeModesTestExecutionListener, org.springframework.test.context.event.ApplicationEventsTestExecutionListener, org.springframework.test.context.support.DependencyInjectionTestExecutionListener, org.springframework.test.context.support.DirtiesContextTestExecutionListener, org.springframework.test.context.transaction.TransactionalTestExecutionListener, org.springframework.test.context.jdbc.SqlScriptsTestExecutionListener, org.springframework.test.context.event.EventPublishingTestExecutionListener]
2024-11-14 17:03:08 [main] INFO  org.springframework.test.context.web.WebTestContextBootstrapper - Using TestExecutionListeners: [org.springframework.test.context.web.ServletTestExecutionListener@78508e6b, org.springframework.test.context.support.DirtiesContextBeforeModesTestExecutionListener@1bde9a22, org.springframework.test.context.event.ApplicationEventsTestExecutionListener@2cc97e47, org.springframework.test.context.support.DependencyInjectionTestExecutionListener@74a03bd5, org.springframework.test.context.support.DirtiesContextTestExecutionListener@87fc0fc, org.springframework.test.context.transaction.TransactionalTestExecutionListener@671f545b, org.springframework.test.context.jdbc.SqlScriptsTestExecutionListener@c335b9, org.springframework.test.context.event.EventPublishingTestExecutionListener@75c8d8e7]
2024-11-14 17:03:08 [main] INFO  org.springframework.mock.web.MockServletContext - Initializing Spring TestDispatcherServlet ''
2024-11-14 17:03:08 [main] INFO  org.springframework.test.web.servlet.TestDispatcherServlet - Initializing Servlet ''
2024-11-14 17:03:08 [main] INFO  org.springframework.test.web.servlet.TestDispatcherServlet - Completed initialization in 1 ms
2024-11-14 17:03:08 [main] INFO  com.library.controllers.BookController - Recieved /books request and rendering create form as path book
2024-11-14 17:03:08 [main] INFO  org.springframework.mock.web.MockServletContext - Initializing Spring TestDispatcherServlet ''
2024-11-14 17:03:08 [main] INFO  org.springframework.test.web.servlet.TestDispatcherServlet - Initializing Servlet ''
2024-11-14 17:03:08 [main] INFO  org.springframework.test.web.servlet.TestDispatcherServlet - Completed initialization in 1 ms
2024-11-14 17:03:08 [main] INFO  com.library.controllers.BookController - Client adding book Object - com.library.models.Book@696105c4 
2024-11-14 17:03:08 [main] INFO  com.library.controllers.BookController - user object added successfully user - com.library.models.Book@696105c4
2024-11-14 17:03:08 [main] INFO  org.springframework.test.context.web.WebTestContextBootstrapper - Loaded default TestExecutionListener class names from location [META-INF/spring.factories]: [org.springframework.test.context.web.ServletTestExecutionListener, org.springframework.test.context.support.DirtiesContextBeforeModesTestExecutionListener, org.springframework.test.context.event.ApplicationEventsTestExecutionListener, org.springframework.test.context.support.DependencyInjectionTestExecutionListener, org.springframework.test.context.support.DirtiesContextTestExecutionListener, org.springframework.test.context.transaction.TransactionalTestExecutionListener, org.springframework.test.context.jdbc.SqlScriptsTestExecutionListener, org.springframework.test.context.event.EventPublishingTestExecutionListener]
2024-11-14 17:03:08 [main] INFO  org.springframework.test.context.web.WebTestContextBootstrapper - Using TestExecutionListeners: [org.springframework.test.context.web.ServletTestExecutionListener@433b546f, org.springframework.test.context.support.DirtiesContextBeforeModesTestExecutionListener@9de1b85, org.springframework.test.context.event.ApplicationEventsTestExecutionListener@3d405fe5, org.springframework.test.context.support.DependencyInjectionTestExecutionListener@52c6e959, org.springframework.test.context.support.DirtiesContextTestExecutionListener@4b475742, org.springframework.test.context.transaction.TransactionalTestExecutionListener@323c6f9c, org.springframework.test.context.jdbc.SqlScriptsTestExecutionListener@dbca149, org.springframework.test.context.event.EventPublishingTestExecutionListener@68550d86]
2024-11-14 17:03:08 [main] INFO  org.springframework.mock.web.MockServletContext - Initializing Spring TestDispatcherServlet ''
2024-11-14 17:03:08 [main] INFO  org.springframework.test.web.servlet.TestDispatcherServlet - Initializing Servlet ''
2024-11-14 17:03:08 [main] INFO  org.springframework.test.web.servlet.TestDispatcherServlet - Completed initialization in 0 ms
2024-11-14 17:03:08 [main] INFO  com.library.controllers.UserController - recieved /users request to fetch createform
2024-11-14 17:03:08 [main] INFO  org.springframework.mock.web.MockServletContext - Initializing Spring TestDispatcherServlet ''
2024-11-14 17:03:08 [main] INFO  org.springframework.test.web.servlet.TestDispatcherServlet - Initializing Servlet ''
2024-11-14 17:03:08 [main] INFO  org.springframework.test.web.servlet.TestDispatcherServlet - Completed initialization in 0 ms
2024-11-14 17:03:08 [main] INFO  com.library.controllers.UserController - Client adding user Object - com.library.models.User@359ea595 
2024-11-14 17:03:08 [main] INFO  com.library.controllers.UserController - User Created Successfully
2024-11-14 17:03:08 [main] INFO  org.springframework.test.context.web.WebTestContextBootstrapper - Loaded default TestExecutionListener class names from location [META-INF/spring.factories]: [org.springframework.test.context.web.ServletTestExecutionListener, org.springframework.test.context.support.DirtiesContextBeforeModesTestExecutionListener, org.springframework.test.context.event.ApplicationEventsTestExecutionListener, org.springframework.test.context.support.DependencyInjectionTestExecutionListener, org.springframework.test.context.support.DirtiesContextTestExecutionListener, org.springframework.test.context.transaction.TransactionalTestExecutionListener, org.springframework.test.context.jdbc.SqlScriptsTestExecutionListener, org.springframework.test.context.event.EventPublishingTestExecutionListener]
2024-11-14 17:03:08 [main] INFO  org.springframework.test.context.web.WebTestContextBootstrapper - Using TestExecutionListeners: [org.springframework.test.context.web.ServletTestExecutionListener@7c871ce4, org.springframework.test.context.support.DirtiesContextBeforeModesTestExecutionListener@3d3b4e09, org.springframework.test.context.event.ApplicationEventsTestExecutionListener@5dc9d25a, org.springframework.test.context.support.DependencyInjectionTestExecutionListener@686fb58a, org.springframework.test.context.support.DirtiesContextTestExecutionListener@2c4be45f, org.springframework.test.context.transaction.TransactionalTestExecutionListener@4be7acd9, org.springframework.test.context.jdbc.SqlScriptsTestExecutionListener@58afecfd, org.springframework.test.context.event.EventPublishingTestExecutionListener@4d79d187]
2024-11-14 17:03:08 [main] INFO  org.springframework.mock.web.MockServletContext - Initializing Spring TestDispatcherServlet ''
2024-11-14 17:03:08 [main] INFO  org.springframework.test.web.servlet.TestDispatcherServlet - Initializing Servlet ''
2024-11-14 17:03:08 [main] INFO  org.springframework.test.web.servlet.TestDispatcherServlet - Completed initialization in 0 ms
2024-11-14 17:03:08 [main] INFO  com.library.controllers.ViewController - Recieved /view request to fetch the viewbookuser page
2024-11-14 17:03:08 [main] INFO  com.library.controllers.ViewController - Recieved Books from bookService.getAllBooks() - [com.library.models.Book@6c8d8b60, com.library.models.Book@4fa6fb7f, com.library.models.Book@2520010e, com.library.models.Book@163fbbc9, com.library.models.Book@1669f4e5]
2024-11-14 17:03:08 [main] INFO  org.springframework.mock.web.MockServletContext - Initializing Spring TestDispatcherServlet ''
2024-11-14 17:03:08 [main] INFO  org.springframework.test.web.servlet.TestDispatcherServlet - Initializing Servlet ''
2024-11-14 17:03:08 [main] INFO  org.springframework.test.web.servlet.TestDispatcherServlet - Completed initialization in 0 ms
2024-11-14 17:03:08 [main] INFO  com.library.controllers.ViewController - Recieved /home request to fetch the homepage
2024-11-14 17:03:08 [main] INFO  org.springframework.mock.web.MockServletContext - Initializing Spring TestDispatcherServlet ''
2024-11-14 17:03:08 [main] INFO  org.springframework.test.web.servlet.TestDispatcherServlet - Initializing Servlet ''
2024-11-14 17:03:08 [main] INFO  org.springframework.test.web.servlet.TestDispatcherServlet - Completed initialization in 1 ms
2024-11-14 17:03:09 [main] INFO  org.springframework.test.context.web.WebTestContextBootstrapper - Loaded default TestExecutionListener class names from location [META-INF/spring.factories]: [org.springframework.test.context.web.ServletTestExecutionListener, org.springframework.test.context.support.DirtiesContextBeforeModesTestExecutionListener, org.springframework.test.context.event.ApplicationEventsTestExecutionListener, org.springframework.test.context.support.DependencyInjectionTestExecutionListener, org.springframework.test.context.support.DirtiesContextTestExecutionListener, org.springframework.test.context.transaction.TransactionalTestExecutionListener, org.springframework.test.context.jdbc.SqlScriptsTestExecutionListener, org.springframework.test.context.event.EventPublishingTestExecutionListener]
2024-11-14 17:03:09 [main] INFO  org.springframework.test.context.web.WebTestContextBootstrapper - Using TestExecutionListeners: [org.springframework.test.context.web.ServletTestExecutionListener@1c97c3bb, org.springframework.test.context.support.DirtiesContextBeforeModesTestExecutionListener@68fc1e7f, org.springframework.test.context.event.ApplicationEventsTestExecutionListener@99af41d, org.springframework.test.context.support.DependencyInjectionTestExecutionListener@496e0f9d, org.springframework.test.context.support.DirtiesContextTestExecutionListener@6b468710, org.springframework.test.context.transaction.TransactionalTestExecutionListener@63c163e1, org.springframework.test.context.jdbc.SqlScriptsTestExecutionListener@3da55998, org.springframework.test.context.event.EventPublishingTestExecutionListener@40ebb56]
2024-11-14 17:03:09 [main] INFO  org.springframework.mock.web.MockServletContext - Initializing Spring TestDispatcherServlet ''
2024-11-14 17:03:09 [main] INFO  org.springframework.test.web.servlet.TestDispatcherServlet - Initializing Servlet ''
2024-11-14 17:03:09 [main] INFO  org.springframework.test.web.servlet.TestDispatcherServlet - Completed initialization in 1 ms
2024-11-14 17:03:18 [Catalina-utility-2] INFO  org.hibernate.Version - HHH000412: Hibernate ORM core version 5.6.15.Final
2024-11-14 17:03:19 [Catalina-utility-2] INFO  org.hibernate.annotations.common.Version - HCANN000001: Hibernate Commons Annotations {5.1.2.Final}
2024-11-14 17:03:19 [Catalina-utility-2] INFO  org.hibernate.dialect.Dialect - HHH000400: Using dialect: org.hibernate.dialect.MariaDBDialect
2024-11-14 17:04:01 [http-nio-8087-exec-22] INFO  com.library.controllers.ViewController - Recieved /home request to fetch the homepage
2024-11-14 17:04:40 [http-nio-8087-exec-29] INFO  com.library.controllers.UserController - recieved /users request to fetch createform
2024-11-14 17:05:03 [http-nio-8087-exec-27] INFO  com.library.controllers.UserController - Client adding user Object - com.library.models.User@6a9ff9f0 
2024-11-14 17:05:03 [http-nio-8087-exec-27] INFO  com.library.controllers.UserController - User Created Successfully
2024-11-14 17:05:03 [http-nio-8087-exec-24] INFO  com.library.controllers.UserController - recieved /users request to fetch createform
2024-11-14 17:05:32 [http-nio-8087-exec-30] INFO  com.library.controllers.UserController - Client adding user Object - com.library.models.User@5421690 
2024-11-14 17:05:32 [http-nio-8087-exec-30] INFO  com.library.controllers.UserController - User Created Successfully
2024-11-14 17:05:32 [http-nio-8087-exec-29] INFO  com.library.controllers.UserController - recieved /users request to fetch createform
2024-11-14 17:05:32 [http-nio-8087-exec-24] INFO  com.library.controllers.ViewController - Recieved /home request to fetch the homepage
2024-11-14 17:05:33 [http-nio-8087-exec-20] INFO  com.library.controllers.BookController - Recieved /books request and rendering create form as path book
2024-11-14 17:05:53 [http-nio-8087-exec-25] INFO  com.library.controllers.BookController - Client adding book Object - com.library.models.Book@869b4ee 
2024-11-14 17:05:53 [http-nio-8087-exec-25] INFO  com.library.controllers.BookController - user object added successfully user - com.library.models.Book@869b4ee
2024-11-14 17:05:53 [http-nio-8087-exec-19] INFO  com.library.controllers.BookController - Recieved /books request and rendering create form as path book
2024-11-14 17:05:54 [http-nio-8087-exec-32] INFO  com.library.controllers.ViewController - Recieved /home request to fetch the homepage
2024-11-14 17:05:56 [http-nio-8087-exec-30] INFO  com.library.controllers.AddUserController - client requested add user to book page
2024-11-14 17:05:56 [http-nio-8087-exec-30] INFO  com.library.controllers.AddUserController - books recieved successfully - [com.library.models.Book@14a23a03, com.library.models.Book@7edd4cd3, com.library.models.Book@63e6e1b8, com.library.models.Book@7b91f328, com.library.models.Book@56403239, com.library.models.Book@42ef47f6, com.library.models.Book@16509532, com.library.models.Book@622c3c63, com.library.models.Book@352a0be5, com.library.models.Book@d422a41, com.library.models.Book@1fa9c7de, com.library.models.Book@1ce53f6c]
2024-11-14 17:05:56 [http-nio-8087-exec-30] INFO  com.library.controllers.AddUserController - users recieved successfully - [com.library.models.User@31b2df5d, com.library.models.User@705b982d, com.library.models.User@63481988, com.library.models.User@536dcfc8, com.library.models.User@7402aacf, com.library.models.User@58b4de92, com.library.models.User@7b931855, com.library.models.User@463d8b60, com.library.models.User@278815ba, com.library.models.User@59b61f97, com.library.models.User@3a04f544, com.library.models.User@10480fef, com.library.models.User@770afd99, com.library.models.User@1ea90e48, com.library.models.User@39a760c, com.library.models.User@537d26e7, com.library.models.User@733bff24]
2024-11-14 17:06:00 [http-nio-8087-exec-29] INFO  com.library.controllers.AddUserController - Client requested users with bookid
2024-11-14 17:06:00 [http-nio-8087-exec-29] INFO  com.library.controllers.AddUserController - Recieved users with bookId - 30
2024-11-14 17:06:07 [http-nio-8087-exec-31] INFO  com.library.controllers.AddUserController - client updating users to the book
2024-11-14 17:06:07 [http-nio-8087-exec-31] INFO  com.library.controllers.AddUserController - client successfully updated users and redirecting to the addusers page 
2024-11-14 17:06:07 [http-nio-8087-exec-33] INFO  com.library.controllers.AddUserController - client requested add user to book page
2024-11-14 17:06:07 [http-nio-8087-exec-33] INFO  com.library.controllers.AddUserController - books recieved successfully - [com.library.models.Book@284ce118, com.library.models.Book@6d4e7a75, com.library.models.Book@6b2f4a7e, com.library.models.Book@5ce9b655, com.library.models.Book@1362d8f1, com.library.models.Book@d61853a, com.library.models.Book@1c0c4252, com.library.models.Book@d460498, com.library.models.Book@866f091, com.library.models.Book@92ffcf2, com.library.models.Book@774f2157, com.library.models.Book@4a1099e2]
2024-11-14 17:06:07 [http-nio-8087-exec-33] INFO  com.library.controllers.AddUserController - users recieved successfully - [com.library.models.User@77bd94c2, com.library.models.User@35c29258, com.library.models.User@7ab2dbfd, com.library.models.User@498b6cc2, com.library.models.User@520beab5, com.library.models.User@737ae2fe, com.library.models.User@1ffbb25f, com.library.models.User@d84301e, com.library.models.User@d72d59, com.library.models.User@241e52af, com.library.models.User@66356539, com.library.models.User@4a1dbd21, com.library.models.User@7319fcde, com.library.models.User@25c45338, com.library.models.User@6895e614, com.library.models.User@4f46aa92, com.library.models.User@730550a8]
2024-11-14 17:06:19 [http-nio-8087-exec-34] INFO  com.library.controllers.ViewController - Recieved /home request to fetch the homepage
2024-11-14 17:06:20 [http-nio-8087-exec-35] INFO  com.library.controllers.ViewController - Recieved /view request to fetch the viewbookuser page
2024-11-14 17:06:21 [http-nio-8087-exec-35] INFO  com.library.controllers.ViewController - Recieved Books from bookService.getAllBooks() - [com.library.models.Book@3f342e38, com.library.models.Book@7a36b7ba, com.library.models.Book@2d874bb1, com.library.models.Book@4b860c35, com.library.models.Book@55ddae93, com.library.models.Book@1a1948f5, com.library.models.Book@d5452c4, com.library.models.Book@76c800ff, com.library.models.Book@4ed98183, com.library.models.Book@1e57364d, com.library.models.Book@31ba9531, com.library.models.Book@7c3b401]
2024-11-14 17:06:23 [http-nio-8087-exec-36] INFO  com.library.controllers.ViewController - Recieved /home request to fetch the homepage
2024-11-14 17:08:36 [main] INFO  org.springframework.test.context.web.WebTestContextBootstrapper - Loaded default TestExecutionListener class names from location [META-INF/spring.factories]: [org.springframework.test.context.web.ServletTestExecutionListener, org.springframework.test.context.support.DirtiesContextBeforeModesTestExecutionListener, org.springframework.test.context.event.ApplicationEventsTestExecutionListener, org.springframework.test.context.support.DependencyInjectionTestExecutionListener, org.springframework.test.context.support.DirtiesContextTestExecutionListener, org.springframework.test.context.transaction.TransactionalTestExecutionListener, org.springframework.test.context.jdbc.SqlScriptsTestExecutionListener, org.springframework.test.context.event.EventPublishingTestExecutionListener]
2024-11-14 17:08:36 [main] INFO  org.springframework.test.context.web.WebTestContextBootstrapper - Using TestExecutionListeners: [org.springframework.test.context.web.ServletTestExecutionListener@6399551e, org.springframework.test.context.support.DirtiesContextBeforeModesTestExecutionListener@13d73fa, org.springframework.test.context.event.ApplicationEventsTestExecutionListener@5023bb8b, org.springframework.test.context.support.DependencyInjectionTestExecutionListener@5d5f10b2, org.springframework.test.context.support.DirtiesContextTestExecutionListener@74c79fa2, org.springframework.test.context.transaction.TransactionalTestExecutionListener@1e0f9063, org.springframework.test.context.jdbc.SqlScriptsTestExecutionListener@53bd8fca, org.springframework.test.context.event.EventPublishingTestExecutionListener@7642df8f]
2024-11-14 17:08:36 [main] INFO  org.springframework.test.context.web.WebTestContextBootstrapper - Loaded default TestExecutionListener class names from location [META-INF/spring.factories]: [org.springframework.test.context.web.ServletTestExecutionListener, org.springframework.test.context.support.DirtiesContextBeforeModesTestExecutionListener, org.springframework.test.context.event.ApplicationEventsTestExecutionListener, org.springframework.test.context.support.DependencyInjectionTestExecutionListener, org.springframework.test.context.support.DirtiesContextTestExecutionListener, org.springframework.test.context.transaction.TransactionalTestExecutionListener, org.springframework.test.context.jdbc.SqlScriptsTestExecutionListener, org.springframework.test.context.event.EventPublishingTestExecutionListener]
2024-11-14 17:08:36 [main] INFO  org.springframework.test.context.web.WebTestContextBootstrapper - Using TestExecutionListeners: [org.springframework.test.context.web.ServletTestExecutionListener@5ef6ae06, org.springframework.test.context.support.DirtiesContextBeforeModesTestExecutionListener@55dfebeb, org.springframework.test.context.event.ApplicationEventsTestExecutionListener@6e35bc3d, org.springframework.test.context.support.DependencyInjectionTestExecutionListener@1cdc4c27, org.springframework.test.context.support.DirtiesContextTestExecutionListener@77b14724, org.springframework.test.context.transaction.TransactionalTestExecutionListener@5d9b7a8a, org.springframework.test.context.jdbc.SqlScriptsTestExecutionListener@1e8ce150, org.springframework.test.context.event.EventPublishingTestExecutionListener@604f2bd2]
2024-11-14 17:08:36 [main] INFO  org.springframework.test.context.web.WebTestContextBootstrapper - Loaded default TestExecutionListener class names from location [META-INF/spring.factories]: [org.springframework.test.context.web.ServletTestExecutionListener, org.springframework.test.context.support.DirtiesContextBeforeModesTestExecutionListener, org.springframework.test.context.event.ApplicationEventsTestExecutionListener, org.springframework.test.context.support.DependencyInjectionTestExecutionListener, org.springframework.test.context.support.DirtiesContextTestExecutionListener, org.springframework.test.context.transaction.TransactionalTestExecutionListener, org.springframework.test.context.jdbc.SqlScriptsTestExecutionListener, org.springframework.test.context.event.EventPublishingTestExecutionListener]
2024-11-14 17:08:36 [main] INFO  org.springframework.test.context.web.WebTestContextBootstrapper - Using TestExecutionListeners: [org.springframework.test.context.web.ServletTestExecutionListener@7b84fcf8, org.springframework.test.context.support.DirtiesContextBeforeModesTestExecutionListener@30b19518, org.springframework.test.context.event.ApplicationEventsTestExecutionListener@363042d7, org.springframework.test.context.support.DependencyInjectionTestExecutionListener@366ac49b, org.springframework.test.context.support.DirtiesContextTestExecutionListener@6ad59d92, org.springframework.test.context.transaction.TransactionalTestExecutionListener@56f0cc85, org.springframework.test.context.jdbc.SqlScriptsTestExecutionListener@62e20a76, org.springframework.test.context.event.EventPublishingTestExecutionListener@2cc44ad]
2024-11-14 17:08:36 [main] INFO  org.springframework.test.context.web.WebTestContextBootstrapper - Loaded default TestExecutionListener class names from location [META-INF/spring.factories]: [org.springframework.test.context.web.ServletTestExecutionListener, org.springframework.test.context.support.DirtiesContextBeforeModesTestExecutionListener, org.springframework.test.context.event.ApplicationEventsTestExecutionListener, org.springframework.test.context.support.DependencyInjectionTestExecutionListener, org.springframework.test.context.support.DirtiesContextTestExecutionListener, org.springframework.test.context.transaction.TransactionalTestExecutionListener, org.springframework.test.context.jdbc.SqlScriptsTestExecutionListener, org.springframework.test.context.event.EventPublishingTestExecutionListener]
2024-11-14 17:08:36 [main] INFO  org.springframework.test.context.web.WebTestContextBootstrapper - Using TestExecutionListeners: [org.springframework.test.context.web.ServletTestExecutionListener@75cd8043, org.springframework.test.context.support.DirtiesContextBeforeModesTestExecutionListener@33b1c5c5, org.springframework.test.context.event.ApplicationEventsTestExecutionListener@5b202a3a, org.springframework.test.context.support.DependencyInjectionTestExecutionListener@10b9db7b, org.springframework.test.context.support.DirtiesContextTestExecutionListener@9ef8eb7, org.springframework.test.context.transaction.TransactionalTestExecutionListener@34cdeda2, org.springframework.test.context.jdbc.SqlScriptsTestExecutionListener@6ee660fb, org.springframework.test.context.event.EventPublishingTestExecutionListener@305a0c5f]
2024-11-14 17:08:36 [main] INFO  org.springframework.test.context.web.WebTestContextBootstrapper - Loaded default TestExecutionListener class names from location [META-INF/spring.factories]: [org.springframework.test.context.web.ServletTestExecutionListener, org.springframework.test.context.support.DirtiesContextBeforeModesTestExecutionListener, org.springframework.test.context.event.ApplicationEventsTestExecutionListener, org.springframework.test.context.support.DependencyInjectionTestExecutionListener, org.springframework.test.context.support.DirtiesContextTestExecutionListener, org.springframework.test.context.transaction.TransactionalTestExecutionListener, org.springframework.test.context.jdbc.SqlScriptsTestExecutionListener, org.springframework.test.context.event.EventPublishingTestExecutionListener]
2024-11-14 17:08:36 [main] INFO  org.springframework.test.context.web.WebTestContextBootstrapper - Using TestExecutionListeners: [org.springframework.test.context.web.ServletTestExecutionListener@28e8dde3, org.springframework.test.context.support.DirtiesContextBeforeModesTestExecutionListener@6d23017e, org.springframework.test.context.event.ApplicationEventsTestExecutionListener@54dcfa5a, org.springframework.test.context.support.DependencyInjectionTestExecutionListener@1817f1eb, org.springframework.test.context.support.DirtiesContextTestExecutionListener@767e20cf, org.springframework.test.context.transaction.TransactionalTestExecutionListener@3a3e78f, org.springframework.test.context.jdbc.SqlScriptsTestExecutionListener@301ec38b, org.springframework.test.context.event.EventPublishingTestExecutionListener@17a1e4ca]
2024-11-14 17:08:39 [main] INFO  org.hibernate.Version - HHH000412: Hibernate ORM core version 5.6.15.Final
2024-11-14 17:08:40 [main] INFO  org.hibernate.annotations.common.Version - HCANN000001: Hibernate Commons Annotations {5.1.2.Final}
2024-11-14 17:08:40 [main] INFO  org.hibernate.dialect.Dialect - HHH000400: Using dialect: org.hibernate.dialect.MariaDBDialect
2024-11-14 17:08:41 [main] INFO  org.springframework.mock.web.MockServletContext - Initializing Spring TestDispatcherServlet ''
2024-11-14 17:08:41 [main] INFO  org.springframework.test.web.servlet.TestDispatcherServlet - Initializing Servlet ''
2024-11-14 17:08:41 [main] INFO  org.springframework.test.web.servlet.TestDispatcherServlet - Completed initialization in 2 ms
2024-11-14 17:08:42 [main] INFO  org.springframework.mock.web.MockServletContext - Initializing Spring TestDispatcherServlet ''
2024-11-14 17:08:42 [main] INFO  org.springframework.test.web.servlet.TestDispatcherServlet - Initializing Servlet ''
2024-11-14 17:08:42 [main] INFO  org.springframework.test.web.servlet.TestDispatcherServlet - Completed initialization in 0 ms
2024-11-14 17:08:42 [main] INFO  com.library.controllers.BookController - Recieved /books request and rendering create form as path book
2024-11-14 17:08:42 [main] INFO  org.springframework.mock.web.MockServletContext - Initializing Spring TestDispatcherServlet ''
2024-11-14 17:08:42 [main] INFO  org.springframework.test.web.servlet.TestDispatcherServlet - Initializing Servlet ''
2024-11-14 17:08:42 [main] INFO  org.springframework.test.web.servlet.TestDispatcherServlet - Completed initialization in 1 ms
2024-11-14 17:08:42 [main] INFO  com.library.controllers.BookController - Client adding book Object - com.library.models.Book@5ac53209 
2024-11-14 17:08:42 [main] INFO  com.library.controllers.BookController - user object added successfully user - com.library.models.Book@5ac53209
2024-11-14 17:08:42 [main] INFO  org.springframework.mock.web.MockServletContext - Initializing Spring TestDispatcherServlet ''
2024-11-14 17:08:42 [main] INFO  org.springframework.test.web.servlet.TestDispatcherServlet - Initializing Servlet ''
2024-11-14 17:08:42 [main] INFO  org.springframework.test.web.servlet.TestDispatcherServlet - Completed initialization in 1 ms
2024-11-14 17:08:42 [main] INFO  com.library.controllers.ViewController - Recieved /view request to fetch the viewbookuser page
2024-11-14 17:08:42 [main] INFO  com.library.controllers.ViewController - Recieved Books from bookService.getAllBooks() - [com.library.models.Book@9fd3b61, com.library.models.Book@78a34c47, com.library.models.Book@77648321, com.library.models.Book@43201f84, com.library.models.Book@2c51c756, com.library.models.Book@4ef277ef]
2024-11-14 17:08:42 [main] INFO  org.springframework.mock.web.MockServletContext - Initializing Spring TestDispatcherServlet ''
2024-11-14 17:08:42 [main] INFO  org.springframework.test.web.servlet.TestDispatcherServlet - Initializing Servlet ''
2024-11-14 17:08:42 [main] INFO  org.springframework.test.web.servlet.TestDispatcherServlet - Completed initialization in 1 ms
2024-11-14 17:08:42 [main] INFO  com.library.controllers.ViewController - Recieved /home request to fetch the homepage
2024-11-14 17:08:42 [main] INFO  org.springframework.mock.web.MockServletContext - Initializing Spring TestDispatcherServlet ''
2024-11-14 17:08:42 [main] INFO  org.springframework.test.web.servlet.TestDispatcherServlet - Initializing Servlet ''
2024-11-14 17:08:42 [main] INFO  org.springframework.test.web.servlet.TestDispatcherServlet - Completed initialization in 1 ms
2024-11-14 17:08:42 [main] INFO  org.springframework.mock.web.MockServletContext - Initializing Spring TestDispatcherServlet ''
2024-11-14 17:08:42 [main] INFO  org.springframework.test.web.servlet.TestDispatcherServlet - Initializing Servlet ''
2024-11-14 17:08:42 [main] INFO  org.springframework.test.web.servlet.TestDispatcherServlet - Completed initialization in 0 ms
2024-11-14 17:08:42 [main] INFO  com.library.controllers.AddUserController - Client requested users with bookid
2024-11-14 17:08:42 [main] INFO  com.library.controllers.AddUserController - Recieved users with bookId - 1
2024-11-14 17:08:43 [main] INFO  org.springframework.mock.web.MockServletContext - Initializing Spring TestDispatcherServlet ''
2024-11-14 17:08:43 [main] INFO  org.springframework.test.web.servlet.TestDispatcherServlet - Initializing Servlet ''
2024-11-14 17:08:43 [main] INFO  org.springframework.test.web.servlet.TestDispatcherServlet - Completed initialization in 0 ms
2024-11-14 17:08:43 [main] INFO  com.library.controllers.AddUserController - client updating users to the book
2024-11-14 17:08:43 [main] INFO  com.library.controllers.AddUserController - client successfully updated users and redirecting to the addusers page 
2024-11-14 17:08:43 [main] INFO  org.springframework.mock.web.MockServletContext - Initializing Spring TestDispatcherServlet ''
2024-11-14 17:08:43 [main] INFO  org.springframework.test.web.servlet.TestDispatcherServlet - Initializing Servlet ''
2024-11-14 17:08:43 [main] INFO  org.springframework.test.web.servlet.TestDispatcherServlet - Completed initialization in 2 ms
2024-11-14 17:08:43 [main] INFO  com.library.controllers.AddUserController - client requested add user to book page
2024-11-14 17:08:43 [main] INFO  com.library.controllers.AddUserController - books recieved successfully - [com.library.models.Book@25c06894, com.library.models.Book@5c2ae7d7, com.library.models.Book@6e7cb01a, com.library.models.Book@236206f8, com.library.models.Book@5c04ec8, com.library.models.Book@e5f05f8]
2024-11-14 17:08:43 [main] INFO  com.library.controllers.AddUserController - users recieved successfully - [com.library.models.User@6e466fdf, com.library.models.User@84e43fb, com.library.models.User@4fea9f19, com.library.models.User@37a14aa1, com.library.models.User@6ac4f31d]
2024-11-14 17:08:43 [main] INFO  org.springframework.mock.web.MockServletContext - Initializing Spring TestDispatcherServlet ''
2024-11-14 17:08:43 [main] INFO  org.springframework.test.web.servlet.TestDispatcherServlet - Initializing Servlet ''
2024-11-14 17:08:43 [main] INFO  org.springframework.test.web.servlet.TestDispatcherServlet - Completed initialization in 1 ms
2024-11-14 17:08:43 [main] INFO  com.library.controllers.UserController - recieved /users request to fetch createform
2024-11-14 17:08:43 [main] INFO  org.springframework.mock.web.MockServletContext - Initializing Spring TestDispatcherServlet ''
2024-11-14 17:08:43 [main] INFO  org.springframework.test.web.servlet.TestDispatcherServlet - Initializing Servlet ''
2024-11-14 17:08:43 [main] INFO  org.springframework.test.web.servlet.TestDispatcherServlet - Completed initialization in 4 ms
2024-11-14 17:08:43 [main] INFO  com.library.controllers.UserController - Client adding user Object - com.library.models.User@7983a5d5 
2024-11-14 17:08:43 [main] INFO  com.library.controllers.UserController - User Created Successfully
